INFO: 2021-04-04 09:09:00,459: main() 'Using profile folder /home/akio/.config/variety/'
INFO: 2021-04-04 09:09:00,467: perform_upgrade() 'Last run version was 0.8.5 or earlier, current version is 0.8.5'
INFO: 2021-04-04 09:09:00,784: process_command() 'Received command: ['--profile', '/home/akio/.config/variety/']'
INFO: 2021-04-04 09:09:00,786: load_banned() 'Missing or invalid banned URLs list, no URLs will be banned'
INFO: 2021-04-04 09:09:00,822: start() 'Using data_path /usr/share/variety'
INFO: 2021-04-04 09:09:00,822: load() 'Jumble loading'
INFO: 2021-04-04 09:09:00,822: _walk_modules() 'Jumble loading module in __init__ from /usr/lib/python3.9/site-packages/variety/plugins/builtin/__init__.py'
INFO: 2021-04-04 09:09:00,824: _walk_modules() 'Jumble loading module in APODDownloader from /usr/lib/python3.9/site-packages/variety/plugins/builtin/downloaders/APODDownloader.py'
INFO: 2021-04-04 09:09:00,826: load() 'Jumble found plugin class: <class 'APODDownloader.APODDownloader'>: {'name': 'APODDownloader', 'description': 'NASA Astro Pic of the Day', 'author': 'Peter Levi', 'version': '0.1'}'
INFO: 2021-04-04 09:09:00,826: _walk_modules() 'Jumble loading module in BingDownloader from /usr/lib/python3.9/site-packages/variety/plugins/builtin/downloaders/BingDownloader.py'
INFO: 2021-04-04 09:09:00,827: load() 'Jumble found plugin class: <class 'BingDownloader.BingDownloader'>: {'name': 'BingDownloader', 'description': 'Bing Photo of the Day', 'author': 'Peter Levi', 'version': '0.1'}'
INFO: 2021-04-04 09:09:00,827: _walk_modules() 'Jumble loading module in EarthviewDownloader from /usr/lib/python3.9/site-packages/variety/plugins/builtin/downloaders/EarthviewDownloader.py'
INFO: 2021-04-04 09:09:00,827: load() 'Jumble found plugin class: <class 'EarthviewDownloader.EarthviewDownloader'>: {'name': 'EarthviewDownloader', 'description': 'Google Earth View Wallpapers', 'author': 'Peter Levi', 'version': '0.1'}'
INFO: 2021-04-04 09:09:00,828: _walk_modules() 'Jumble loading module in MediaRSSDownloader from /usr/lib/python3.9/site-packages/variety/plugins/builtin/downloaders/MediaRSSDownloader.py'
INFO: 2021-04-04 09:09:00,829: _walk_modules() 'Jumble loading module in MediaRSSSource from /usr/lib/python3.9/site-packages/variety/plugins/builtin/downloaders/MediaRSSSource.py'
INFO: 2021-04-04 09:09:00,830: load() 'Jumble found plugin class: <class 'MediaRSSSource.MediaRSSSource'>: {'name': 'MediaRSSSource', 'description': 'Configurable source for fetching images from MediaRSS feeds', 'author': 'Peter Levi', 'version': '0.1'}'
INFO: 2021-04-04 09:09:00,830: _walk_modules() 'Jumble loading module in RedditDownloader from /usr/lib/python3.9/site-packages/variety/plugins/builtin/downloaders/RedditDownloader.py'
INFO: 2021-04-04 09:09:00,831: _walk_modules() 'Jumble loading module in RedditSource from /usr/lib/python3.9/site-packages/variety/plugins/builtin/downloaders/RedditSource.py'
INFO: 2021-04-04 09:09:00,831: load() 'Jumble found plugin class: <class 'RedditSource.RedditSource'>: {'name': 'RedditSource', 'description': 'Configurable source for fetching images from Reddit', 'author': 'Peter Levi', 'version': '0.1'}'
INFO: 2021-04-04 09:09:00,832: _walk_modules() 'Jumble loading module in UnsplashConfigurableSource from /usr/lib/python3.9/site-packages/variety/plugins/builtin/downloaders/UnsplashConfigurableSource.py'
INFO: 2021-04-04 09:09:00,835: load() 'Jumble found plugin class: <class 'UnsplashConfigurableSource.UnsplashConfigurableSource'>: {'name': 'UnsplashConfigurableSource', 'description': 'Configurable source for fetching photos from Unsplash.com', 'author': 'Peter Levi', 'version': '0.1'}'
INFO: 2021-04-04 09:09:00,835: _walk_modules() 'Jumble loading module in UnsplashDownloader from /usr/lib/python3.9/site-packages/variety/plugins/builtin/downloaders/UnsplashDownloader.py'
INFO: 2021-04-04 09:09:00,835: load() 'Jumble found plugin class: <class 'UnsplashDownloader.UnsplashDownloader'>: {'name': 'UnsplashDownloader', 'description': 'High-resolution photos from Unsplash.com', 'author': 'Peter Levi', 'version': '0.1'}'
INFO: 2021-04-04 09:09:00,836: _walk_modules() 'Jumble loading module in WallhavenDownloader from /usr/lib/python3.9/site-packages/variety/plugins/builtin/downloaders/WallhavenDownloader.py'
INFO: 2021-04-04 09:09:00,836: _walk_modules() 'Jumble loading module in WallhavenSource from /usr/lib/python3.9/site-packages/variety/plugins/builtin/downloaders/WallhavenSource.py'
INFO: 2021-04-04 09:09:00,837: load() 'Jumble found plugin class: <class 'WallhavenSource.WallhavenSource'>: {'name': 'WallhavenSource', 'description': 'Configurable source for fetching images from Wallhaven.cc', 'author': 'Peter Levi', 'version': '0.1'}'
INFO: 2021-04-04 09:09:00,837: _walk_modules() 'Jumble loading module in __init__ from /usr/lib/python3.9/site-packages/variety/plugins/builtin/downloaders/__init__.py'
INFO: 2021-04-04 09:09:00,838: _walk_modules() 'Jumble loading module in FortuneSource from /usr/lib/python3.9/site-packages/variety/plugins/builtin/quotes/FortuneSource.py'
INFO: 2021-04-04 09:09:00,838: load() 'Jumble found plugin class: <class 'FortuneSource.FortuneSource'>: {'name': 'UNIX fortune program', 'description': 'Displays quotes using the UNIX fortune program. You may want to install additional fortune packs, e.g. fortunes-bofh-excuses.', 'author': 'Dan Jones', 'version': '0.1'}'
INFO: 2021-04-04 09:09:00,838: _walk_modules() 'Jumble loading module in GoodreadsSource from /usr/lib/python3.9/site-packages/variety/plugins/builtin/quotes/GoodreadsSource.py'
INFO: 2021-04-04 09:09:00,846: load() 'Jumble found plugin class: <class 'GoodreadsSource.GoodreadsSource'>: {'name': 'Goodreads', 'description': 'Fetches quotes from Goodreads.com', 'author': 'Peter Levi', 'version': '0.1'}'
INFO: 2021-04-04 09:09:00,846: _walk_modules() 'Jumble loading module in LocalFilesSource from /usr/lib/python3.9/site-packages/variety/plugins/builtin/quotes/LocalFilesSource.py'
INFO: 2021-04-04 09:09:00,847: load() 'Jumble found plugin class: <class 'LocalFilesSource.LocalFilesSource'>: {'name': 'Local text files', 'description': 'Displays quotes, defined in local text files.\nPut your own txt files in: /home/akio/.config/variety/pluginconfig/quotes/.\nThe file format is:\n\nquote -- author\n.\nsecond quote -- another author\n.\netc...\n\nExample: http://rvelthuis.de/zips/quotes.txt', 'author': 'Peter Levi', 'version': '0.1'}'
INFO: 2021-04-04 09:09:00,847: _walk_modules() 'Jumble loading module in QuotationsPageSource from /usr/lib/python3.9/site-packages/variety/plugins/builtin/quotes/QuotationsPageSource.py'
INFO: 2021-04-04 09:09:00,847: load() 'Jumble found plugin class: <class 'QuotationsPageSource.QuotationsPageSource'>: {'name': 'TheQuotationsPage.com', 'description': 'Fetches quotes from TheQuotationsPage.com', 'author': 'Peter Levi', 'version': '0.1'}'
INFO: 2021-04-04 09:09:00,848: _walk_modules() 'Jumble loading module in UrbanDictionarySource from /usr/lib/python3.9/site-packages/variety/plugins/builtin/quotes/UrbanDictionarySource.py'
INFO: 2021-04-04 09:09:00,848: load() 'Jumble found plugin class: <class 'UrbanDictionarySource.UrbanDictionarySource'>: {'name': 'Urban Dictionary', 'description': 'Displays definitions from Urban Dictionary', 'author': 'James Miller', 'version': '0.1'}'
INFO: 2021-04-04 09:09:00,848: _walk_modules() 'Jumble loading module in __init__ from /usr/lib/python3.9/site-packages/variety/plugins/builtin/quotes/__init__.py'
INFO: 2021-04-04 09:09:00,851: log_options() 'Loaded options:'
INFO: 2021-04-04 09:09:00,851: log_options() 'change_enabled = True'
INFO: 2021-04-04 09:09:00,851: log_options() 'change_interval = 600'
INFO: 2021-04-04 09:09:00,851: log_options() 'change_on_start = True'
INFO: 2021-04-04 09:09:00,851: log_options() 'clipboard_enabled = False'
INFO: 2021-04-04 09:09:00,851: log_options() 'clipboard_hosts = ['wallhaven.cc', 'wallpapers.net', 'flickr.com', 'imgur.com', 'deviantart.com', 'interfacelift.com', 'vladstudio.com', 'imageshack.us', 'deviantart.net', 'imageshack.com']'
INFO: 2021-04-04 09:09:00,851: log_options() 'clipboard_use_whitelist = True'
INFO: 2021-04-04 09:09:00,851: log_options() 'clock_date_font = Ubuntu Condensed, 30'
INFO: 2021-04-04 09:09:00,851: log_options() 'clock_enabled = False'
INFO: 2021-04-04 09:09:00,851: log_options() 'clock_filter = -density 100 -font `fc-match -f '%{file[0]}' '%CLOCK_FONT_NAME'` -pointsize %CLOCK_FONT_SIZE -gravity SouthEast -fill '#00000044' -annotate 0x0+[%HOFFSET+58]+[%VOFFSET+108] '%H:%M' -fill white -annotate 0x0+[%HOFFSET+60]+[%VOFFSET+110] '%H:%M' -font `fc-match -f '%{file[0]}' '%DATE_FONT_NAME'` -pointsize %DATE_FONT_SIZE -fill '#00000044' -annotate 0x0+[%HOFFSET+58]+[%VOFFSET+58] '%A, %B %d' -fill white -annotate 0x0+[%HOFFSET+60]+[%VOFFSET+60] '%A, %B %d''
INFO: 2021-04-04 09:09:00,851: log_options() 'clock_font = Ubuntu Condensed, 70'
INFO: 2021-04-04 09:09:00,851: log_options() 'configfile = /home/akio/.config/variety/variety.conf'
INFO: 2021-04-04 09:09:00,851: log_options() 'copyto_enabled = False'
INFO: 2021-04-04 09:09:00,851: log_options() 'copyto_folder = Default'
INFO: 2021-04-04 09:09:00,851: log_options() 'desired_color = [160, 160, 160]'
INFO: 2021-04-04 09:09:00,851: log_options() 'desired_color_enabled = False'
INFO: 2021-04-04 09:09:00,851: log_options() 'download_folder = /home/akio/.config/variety/Downloaded'
INFO: 2021-04-04 09:09:00,851: log_options() 'download_preference_ratio = 0.9'
INFO: 2021-04-04 09:09:00,851: log_options() 'favorites_folder = /home/akio/.config/variety/Favorites'
INFO: 2021-04-04 09:09:00,851: log_options() 'favorites_operations = [['Downloaded', 'Copy'], ['Fetched', 'Move'], ['Others', 'Copy']]'
INFO: 2021-04-04 09:09:00,851: log_options() 'fetched_folder = /home/akio/.config/variety/Fetched'
INFO: 2021-04-04 09:09:00,851: log_options() 'filters = [[False, 'Keep original', ''], [False, 'Grayscale', '-type Grayscale'], [False, 'Heavy blur', '-blur 120x40'], [False, 'Soft blur', '-blur 20x7'], [False, 'Oil painting', '-paint 8'], [False, 'Pointilism', '-spread 10 -noise 3'], [False, 'Pixellate', '-scale 3% -scale 3333%']]'
INFO: 2021-04-04 09:09:00,851: log_options() 'icon = Dark'
INFO: 2021-04-04 09:09:00,851: log_options() 'lightness_enabled = False'
INFO: 2021-04-04 09:09:00,852: log_options() 'lightness_mode = 0'
INFO: 2021-04-04 09:09:00,852: log_options() 'min_rating = 4'
INFO: 2021-04-04 09:09:00,852: log_options() 'min_rating_enabled = False'
INFO: 2021-04-04 09:09:00,852: log_options() 'min_size = 80'
INFO: 2021-04-04 09:09:00,852: log_options() 'min_size_enabled = False'
INFO: 2021-04-04 09:09:00,852: log_options() 'quota_enabled = True'
INFO: 2021-04-04 09:09:00,852: log_options() 'quota_size = 1000'
INFO: 2021-04-04 09:09:00,852: log_options() 'quotes_authors = '
INFO: 2021-04-04 09:09:00,852: log_options() 'quotes_bg_color = [80, 80, 80]'
INFO: 2021-04-04 09:09:00,852: log_options() 'quotes_bg_opacity = 55'
INFO: 2021-04-04 09:09:00,852: log_options() 'quotes_change_enabled = False'
INFO: 2021-04-04 09:09:00,852: log_options() 'quotes_change_interval = 300'
INFO: 2021-04-04 09:09:00,852: log_options() 'quotes_disabled_sources = ['Urban Dictionary']'
INFO: 2021-04-04 09:09:00,852: log_options() 'quotes_enabled = False'
INFO: 2021-04-04 09:09:00,852: log_options() 'quotes_favorites_file = /home/akio/.config/variety/favorite_quotes.txt'
INFO: 2021-04-04 09:09:00,852: log_options() 'quotes_font = Bitstream Charter 30'
INFO: 2021-04-04 09:09:00,852: log_options() 'quotes_hpos = 100'
INFO: 2021-04-04 09:09:00,852: log_options() 'quotes_max_length = 250'
INFO: 2021-04-04 09:09:00,852: log_options() 'quotes_tags = '
INFO: 2021-04-04 09:09:00,852: log_options() 'quotes_text_color = [255, 255, 255]'
INFO: 2021-04-04 09:09:00,852: log_options() 'quotes_text_shadow = False'
INFO: 2021-04-04 09:09:00,852: log_options() 'quotes_vpos = 40'
INFO: 2021-04-04 09:09:00,852: log_options() 'quotes_width = 70'
INFO: 2021-04-04 09:09:00,852: log_options() 'safe_mode = False'
INFO: 2021-04-04 09:09:00,852: log_options() 'slideshow_custom_enabled = False'
INFO: 2021-04-04 09:09:00,852: log_options() 'slideshow_custom_folder = /home/akio/Pictures'
INFO: 2021-04-04 09:09:00,852: log_options() 'slideshow_downloads_enabled = False'
INFO: 2021-04-04 09:09:00,852: log_options() 'slideshow_fade = 0.4'
INFO: 2021-04-04 09:09:00,852: log_options() 'slideshow_favorites_enabled = True'
INFO: 2021-04-04 09:09:00,852: log_options() 'slideshow_mode = Fullscreen'
INFO: 2021-04-04 09:09:00,852: log_options() 'slideshow_monitor = All'
INFO: 2021-04-04 09:09:00,852: log_options() 'slideshow_pan = 0.05'
INFO: 2021-04-04 09:09:00,852: log_options() 'slideshow_seconds = 6.0'
INFO: 2021-04-04 09:09:00,852: log_options() 'slideshow_sort_order = Random'
INFO: 2021-04-04 09:09:00,852: log_options() 'slideshow_sources_enabled = True'
INFO: 2021-04-04 09:09:00,852: log_options() 'slideshow_zoom = 0.2'
INFO: 2021-04-04 09:09:00,852: log_options() 'smart_enabled = False'
INFO: 2021-04-04 09:09:00,852: log_options() 'smart_notice_shown = False'
INFO: 2021-04-04 09:09:00,852: log_options() 'smart_register_shown = False'
INFO: 2021-04-04 09:09:00,852: log_options() 'sources = [[False, 'favorites', 'The Favorites folder'], [False, 'fetched', 'The Fetched folder'], [False, 'folder', '/usr/share/backgrounds'], [False, 'flickr', 'user:www.flickr.com/photos/peter-levi/;user_id:93647178@N00;'], [False, 'apod', "NASA's Astronomy Picture of the Day"], [False, 'unsplash', 'High-resolution photos from Unsplash.com'], [False, 'bing', 'Bing Photo of the Day'], [False, 'earthview', 'Google Earth View Wallpapers'], [True, 'folder', '/home/akio/Pictures/japan-walls']]'
INFO: 2021-04-04 09:09:00,852: log_options() 'stats_enabled = True'
INFO: 2021-04-04 09:09:00,852: log_options() 'stats_notice_shown = False'
INFO: 2021-04-04 09:09:00,852: log_options() 'sync_enabled = True'
INFO: 2021-04-04 09:09:00,852: log_options() 'use_landscape_enabled = True'
INFO: 2021-04-04 09:09:00,852: reload_config() 'No need to clear prepared queue'
INFO: 2021-04-04 09:09:00,853: update_indicator() 'Setting file info to: /home/akio/Pictures/japan-walls/4k.jpg'
INFO: 2021-04-04 09:09:00,853: load_last_change_time() 'Change interval < 6 hours, ignore persisted last_change_time, wait initially the whole interval: 600'
INFO: 2021-04-04 09:09:00,853: update_indicator() 'Setting file info to: /home/akio/Pictures/japan-walls/4k.jpg'
INFO: 2021-04-04 09:09:00,853: regular_change_thread() 'regular_change thread running'
INFO: 2021-04-04 09:09:00,854: prepare_thread() 'Prepare thread running'
INFO: 2021-04-04 09:09:00,854: prepare_thread() 'Prepared buffer contains 0 images'
INFO: 2021-04-04 09:09:00,854: prepare_thread() 'Preparing some images'
INFO: 2021-04-04 09:09:00,865: update_indicator_icon() 'Creating indicator'
WARNING: 2021-04-04 09:09:00,914: create_menu() 'Variety Slideshow is not installed. This is an optional extension adding pan-and-zoom slideshows to Variety: see https://github.com/peterlevi/variety-slideshow for details'
INFO: 2021-04-04 09:09:00,915: create_indicator() 'indicator backend: AppIndicator3'
INFO: 2021-04-04 09:09:00,927: prepare_thread() 'After search prepared buffer contains 14 images'
INFO: 2021-04-04 09:09:00,931: set_from_theme_icon() 'Showing indicator icon variety-indicator-dark from GTK theme'
INFO: 2021-04-04 09:09:00,953: do_set_wp() 'Calling do_set_wp with /home/akio/Pictures/japan-walls/4k.jpg, time: 1617507540.9538424'
INFO: 2021-04-04 09:09:00,960: update_indicator() 'Setting file info to: /home/akio/Pictures/japan-walls/4k.jpg'
INFO: 2021-04-04 09:09:00,961: list_files() 'More than 1 files in the folders, stop listing'
INFO: 2021-04-04 09:09:02,215: reload() 'Reloading preferences dialog'
INFO: 2021-04-04 09:09:02,928: trigger_download() 'Triggering download thread to check if download needed'
INFO: 2021-04-04 09:09:05,854: set_wallpaper() 'Calling set_wallpaper with /home/akio/Pictures/japan-walls/51176.jpg'
INFO: 2021-04-04 09:09:05,855: prepare_thread() 'Prepared buffer contains 13 images'
INFO: 2021-04-04 09:09:05,855: do_set_wp() 'Calling do_set_wp with /home/akio/Pictures/japan-walls/51176.jpg, time: 1617507545.8556404'
INFO: 2021-04-04 09:09:05,867: update_indicator() 'Setting file info to: /home/akio/Pictures/japan-walls/51176.jpg'
INFO: 2021-04-04 09:09:05,867: list_files() 'More than 1 files in the folders, stop listing'
INFO: 2021-04-04 09:09:07,856: trigger_download() 'Triggering download thread to check if download needed'
INFO: 2021-04-04 09:09:20,871: server_options_thread() 'Fetching server options from http://tiny.cc/variety-options-063'
INFO: 2021-04-04 09:09:24,487: server_options_thread() 'Fetched server options: {'flickr': {'min_fill_queue_interval': 1200, 'min_download_interval': 1200}, 'wallbase': {'min_fill_queue_interval': 1800, 'min_download_interval': 1800}, 'wallhaven': {'min_fill_queue_interval': 1800, 'min_download_interval': 1800}, 'wallpapers.net': {'min_fill_queue_interval': 601, 'min_download_interval': 0}, 'unsplash': {'min_fill_queue_interval': 20000000000, 'min_download_interval': 20000000000}, 'unsplash_v2': {'min_fill_queue_interval': 2000, 'min_download_interval': 1200}, 'status_message': {'0.0.1': '', '*': ''}}'
INFO: 2021-04-04 09:19:05,904: regular_change_thread() 'regular_change changes wallpaper'
INFO: 2021-04-04 09:19:05,904: set_wallpaper() 'Calling set_wallpaper with /home/akio/Pictures/japan-walls/asian-japan-digital-art-4k-sw.jpg'
INFO: 2021-04-04 09:19:05,905: do_set_wp() 'Calling do_set_wp with /home/akio/Pictures/japan-walls/asian-japan-digital-art-4k-sw.jpg, time: 1617508145.905014'
INFO: 2021-04-04 09:19:05,905: prepare_thread() 'Prepared buffer contains 12 images'
INFO: 2021-04-04 09:19:05,918: update_indicator() 'Setting file info to: /home/akio/Pictures/japan-walls/asian-japan-digital-art-4k-sw.jpg'
INFO: 2021-04-04 09:19:05,920: list_files() 'More than 1 files in the folders, stop listing'
INFO: 2021-04-04 09:19:07,905: trigger_download() 'Triggering download thread to check if download needed'
INFO: 2021-04-04 09:29:05,960: regular_change_thread() 'regular_change changes wallpaper'
INFO: 2021-04-04 09:29:05,960: set_wallpaper() 'Calling set_wallpaper with /home/akio/Pictures/japan-walls/6067fb870e803.jpg'
INFO: 2021-04-04 09:29:05,961: prepare_thread() 'Prepared buffer contains 11 images'
INFO: 2021-04-04 09:29:05,962: do_set_wp() 'Calling do_set_wp with /home/akio/Pictures/japan-walls/6067fb870e803.jpg, time: 1617508745.9622254'
INFO: 2021-04-04 09:29:05,977: update_indicator() 'Setting file info to: /home/akio/Pictures/japan-walls/6067fb870e803.jpg'
INFO: 2021-04-04 09:29:05,977: list_files() 'More than 1 files in the folders, stop listing'
INFO: 2021-04-04 09:29:07,963: trigger_download() 'Triggering download thread to check if download needed'
INFO: 2021-04-04 09:39:06,013: regular_change_thread() 'regular_change changes wallpaper'
INFO: 2021-04-04 09:39:06,013: set_wallpaper() 'Calling set_wallpaper with /home/akio/Pictures/japan-walls/4k.jpg'
INFO: 2021-04-04 09:39:06,014: do_set_wp() 'Calling do_set_wp with /home/akio/Pictures/japan-walls/4k.jpg, time: 1617509346.014707'
INFO: 2021-04-04 09:39:06,015: prepare_thread() 'Prepared buffer contains 10 images'
INFO: 2021-04-04 09:39:06,043: update_indicator() 'Setting file info to: /home/akio/Pictures/japan-walls/4k.jpg'
INFO: 2021-04-04 09:39:06,046: list_files() 'More than 1 files in the folders, stop listing'
INFO: 2021-04-04 09:39:08,016: trigger_download() 'Triggering download thread to check if download needed'
INFO: 2021-04-04 09:49:06,132: regular_change_thread() 'regular_change changes wallpaper'
INFO: 2021-04-04 09:49:06,132: set_wallpaper() 'Calling set_wallpaper with /home/akio/Pictures/japan-walls/19076.jpg'
INFO: 2021-04-04 09:49:06,133: do_set_wp() 'Calling do_set_wp with /home/akio/Pictures/japan-walls/19076.jpg, time: 1617509946.1333437'
INFO: 2021-04-04 09:49:06,134: prepare_thread() 'Prepared buffer contains 9 images'
INFO: 2021-04-04 09:49:06,145: update_indicator() 'Setting file info to: /home/akio/Pictures/japan-walls/19076.jpg'
INFO: 2021-04-04 09:49:06,146: list_files() 'More than 1 files in the folders, stop listing'
INFO: 2021-04-04 09:49:08,135: trigger_download() 'Triggering download thread to check if download needed'
INFO: 2021-04-04 09:59:06,184: regular_change_thread() 'regular_change changes wallpaper'
INFO: 2021-04-04 09:59:06,184: set_wallpaper() 'Calling set_wallpaper with /home/akio/Pictures/japan-walls/51174.jpg'
INFO: 2021-04-04 09:59:06,184: prepare_thread() 'Prepared buffer contains 8 images'
INFO: 2021-04-04 09:59:06,185: do_set_wp() 'Calling do_set_wp with /home/akio/Pictures/japan-walls/51174.jpg, time: 1617510546.1855805'
INFO: 2021-04-04 09:59:06,198: update_indicator() 'Setting file info to: /home/akio/Pictures/japan-walls/51174.jpg'
INFO: 2021-04-04 09:59:06,199: list_files() 'More than 1 files in the folders, stop listing'
INFO: 2021-04-04 09:59:08,186: trigger_download() 'Triggering download thread to check if download needed'
INFO: 2021-04-04 10:02:41,629: set_wallpaper() 'Calling set_wallpaper with /home/akio/Pictures/japan-walls/wHnP3c.jpg'
INFO: 2021-04-04 10:02:41,629: prepare_thread() 'Prepared buffer contains 7 images'
INFO: 2021-04-04 10:02:41,630: do_set_wp() 'Calling do_set_wp with /home/akio/Pictures/japan-walls/wHnP3c.jpg, time: 1617510761.6306458'
INFO: 2021-04-04 10:02:41,631: prepare_thread() 'Preparing some images'
INFO: 2021-04-04 10:02:41,646: prepare_thread() 'After search prepared buffer contains 14 images'
INFO: 2021-04-04 10:02:41,647: update_indicator() 'Setting file info to: /home/akio/Pictures/japan-walls/wHnP3c.jpg'
INFO: 2021-04-04 10:02:41,647: list_files() 'More than 1 files in the folders, stop listing'
INFO: 2021-04-04 10:02:43,647: trigger_download() 'Triggering download thread to check if download needed'
INFO: 2021-04-04 10:12:41,683: regular_change_thread() 'regular_change changes wallpaper'
INFO: 2021-04-04 10:12:41,684: set_wallpaper() 'Calling set_wallpaper with /home/akio/Pictures/japan-walls/4k.jpg'
INFO: 2021-04-04 10:12:41,684: prepare_thread() 'Prepared buffer contains 13 images'
INFO: 2021-04-04 10:12:41,685: do_set_wp() 'Calling do_set_wp with /home/akio/Pictures/japan-walls/4k.jpg, time: 1617511361.6857438'
INFO: 2021-04-04 10:12:41,697: update_indicator() 'Setting file info to: /home/akio/Pictures/japan-walls/4k.jpg'
INFO: 2021-04-04 10:12:41,697: list_files() 'More than 1 files in the folders, stop listing'
INFO: 2021-04-04 10:12:43,685: trigger_download() 'Triggering download thread to check if download needed'
INFO: 2021-04-04 10:22:41,735: regular_change_thread() 'regular_change changes wallpaper'
INFO: 2021-04-04 10:22:41,735: set_wallpaper() 'Calling set_wallpaper with /home/akio/Pictures/japan-walls/wHnP3c.jpg'
INFO: 2021-04-04 10:22:41,735: prepare_thread() 'Prepared buffer contains 12 images'
INFO: 2021-04-04 10:22:41,735: do_set_wp() 'Calling do_set_wp with /home/akio/Pictures/japan-walls/wHnP3c.jpg, time: 1617511961.7356806'
INFO: 2021-04-04 10:22:41,744: update_indicator() 'Setting file info to: /home/akio/Pictures/japan-walls/wHnP3c.jpg'
INFO: 2021-04-04 10:22:41,745: list_files() 'More than 1 files in the folders, stop listing'
INFO: 2021-04-04 10:22:43,736: trigger_download() 'Triggering download thread to check if download needed'
